  Figures.cpp
C:\Projects\EntryTask\EntryTask\Figures.cpp(87,58): warning C4244: 'argument': conversion from 'double' to 'float', possible loss of data
C:\Projects\EntryTask\EntryTask\Figures.cpp(94,59): warning C4244: 'argument': conversion from 'double' to 'float', possible loss of data
  Game.cpp
C:\Projects\EntryTask\EntryTask\Game.cpp(525,89): warning C4244: 'argument': conversion from 'float' to 'int', possible loss of data
C:\Projects\EntryTask\EntryTask\Game.cpp(525,54): warning C4244: 'argument': conversion from 'float' to 'int', possible loss of data
C:\Projects\EntryTask\EntryTask\Game.cpp(526,80): warning C4244: 'argument': conversion from 'float' to 'int', possible loss of data
C:\Projects\EntryTask\EntryTask\Game.cpp(526,50): warning C4244: 'argument': conversion from 'float' to 'int', possible loss of data
C:\Projects\EntryTask\EntryTask\Game.cpp(527,70): warning C4244: 'argument': conversion from 'float' to 'int', possible loss of data
C:\Projects\EntryTask\EntryTask\Game.cpp(527,47): warning C4244: 'argument': conversion from 'float' to 'int', possible loss of data
C:\Projects\EntryTask\EntryTask\Game.cpp(553,77): warning C4244: 'argument': conversion from 'float' to 'int', possible loss of data
C:\Projects\EntryTask\EntryTask\Game.cpp(553,42): warning C4244: 'argument': conversion from 'float' to 'int', possible loss of data
C:\Projects\EntryTask\EntryTask\Game.cpp(554,71): warning C4244: 'argument': conversion from 'float' to 'int', possible loss of data
C:\Projects\EntryTask\EntryTask\Game.cpp(554,41): warning C4244: 'argument': conversion from 'float' to 'int', possible loss of data
C:\Projects\EntryTask\EntryTask\Game.cpp(555,66): warning C4244: 'argument': conversion from 'float' to 'int', possible loss of data
C:\Projects\EntryTask\EntryTask\Game.cpp(555,43): warning C4244: 'argument': conversion from 'float' to 'int', possible loss of data
  Score.cpp
  main.cpp
  Generating code
  Previous IPDB and IOBJ mismatch, fall back to full compilation.
  All 149 functions were compiled because no usable IPDB/IOBJ from previous compilation was found.
  Finished generating code
  EntryTask.vcxproj -> C:\Projects\EntryTask\Release\EntryTask.exe
